Creating test database for alias 'default' ('test_jersey_artwork')...
ðŸ“§ Using MailHog for emails (localhost:1025)
   View emails at: http://localhost:8025
Found 28 test(s).
Operations to perform:
  Synchronize unmigrated apps: messages, staticfiles
  Apply all migrations: accounts, admin, artworks, auth, cart, contenttypes, orders, payments, sessions, subscriptions
Synchronizing apps without migrations:
  Creating tables...
    Running deferred SQL...
Running migrations:
  Applying contenttypes.0001_initial... OK
  Applying contenttypes.0002_remove_content_type_name... OK
  Applying auth.0001_initial... OK
  Applying auth.0002_alter_permission_name_max_length... OK
  Applying auth.0003_alter_user_email_max_length... OK
  Applying auth.0004_alter_user_username_opts... OK
  Applying auth.0005_alter_user_last_login_null... OK
  Applying auth.0006_require_contenttypes_0002... OK
  Applying auth.0007_alter_validators_add_error_messages... OK
  Applying auth.0008_alter_user_username_max_length... OK
  Applying auth.0009_alter_user_last_name_max_length... OK
  Applying auth.0010_alter_group_name_max_length... OK
  Applying auth.0011_update_proxy_permissions... OK
  Applying auth.0012_alter_user_first_name_max_length... OK
  Applying accounts.0001_initial... OK
  Applying accounts.0002_artistprofile_business_name_and_more... OK
  Applying admin.0001_initial... OK
  Applying admin.0002_logentry_remove_auto_add... OK
  Applying admin.0003_logentry_add_action_flag_choices... OK
  Applying artworks.0001_initial... OK
  Applying cart.0001_initial... OK
  Applying orders.0001_initial... OK
  Applying orders.0002_refundrequest... OK
  Applying subscriptions.0001_initial... OK
  Applying payments.0001_initial... OK
  Applying payments.0002_remove_sumuppayment_artist_and_more... OK
  Applying payments.0003_artist_alter_subscriptionpayment_currency_and_more... OK
  Applying sessions.0001_initial... OK
  Applying subscriptions.0002_alter_subscription_options_and_more... OK
System check identified no issues (0 silenced).
test_artist_can_see_orders_with_their_artwork (orders.tests.test_orders.ArtistOrderViewTests.test_artist_can_see_orders_with_their_artwork)
Test artist can see orders containing their artwork. ... ok
test_artist_dashboard_requires_artist_user (orders.tests.test_orders.ArtistOrderViewTests.test_artist_dashboard_requires_artist_user)
Test artist dashboard requires artist user type. ... ok
test_artist_order_detail_view (orders.tests.test_orders.ArtistOrderViewTests.test_artist_order_detail_view)
Test artist can view order details for orders with their artwork. ... ok
test_artist_sales_statistics (orders.tests.test_orders.ArtistOrderViewTests.test_artist_sales_statistics)
Test artist sales statistics calculation. ... ok
test_different_billing_address_required (orders.tests.test_orders.CheckoutFormTests.test_different_billing_address_required)
Test that billing address is required when not same as shipping. ... ok
test_invalid_jersey_postcode (orders.tests.test_orders.CheckoutFormTests.test_invalid_jersey_postcode)
Test invalid Jersey postcode validation. ... ok
test_valid_checkout_form (orders.tests.test_orders.CheckoutFormTests.test_valid_checkout_form)
Test valid checkout form submission. ... ok
test_valid_jersey_postcodes (orders.tests.test_orders.CheckoutFormTests.test_valid_jersey_postcodes)
Test various valid Jersey postcode formats. ... ok
test_customer_cannot_view_others_orders (orders.tests.test_orders.CustomerOrderViewTests.test_customer_cannot_view_others_orders)
Test customer cannot view other users' orders. ... Not Found: /orders/order/JA-OTHER001/
ok
test_customer_order_detail_view (orders.tests.test_orders.CustomerOrderViewTests.test_customer_order_detail_view)
Test customer can view order details. ... ok
test_customer_order_list_requires_login (orders.tests.test_orders.CustomerOrderViewTests.test_customer_order_list_requires_login)
Test that order list requires authentication. ... ok
test_customer_order_list_view (orders.tests.test_orders.CustomerOrderViewTests.test_customer_order_list_view)
Test customer can view their orders. ... ok
test_guest_order_tracking (orders.tests.test_orders.CustomerOrderViewTests.test_guest_order_tracking)
Test guest order tracking with order number and email. ... ok
test_guest_order_tracking_wrong_email (orders.tests.test_orders.CustomerOrderViewTests.test_guest_order_tracking_wrong_email)
Test guest tracking fails with wrong email. ... ok
test_complete_order_flow (orders.tests.test_orders.OrderIntegrationTests.test_complete_order_flow)
Test complete order flow from cart to order. ... ok
test_order_statistics_api (orders.tests.test_orders.OrderIntegrationTests.test_order_statistics_api)
Test order statistics API endpoint for artists. ... ok
test_order_item_stores_artwork_details (orders.tests.test_orders.OrderItemModelTests.test_order_item_stores_artwork_details)
Test that artwork details are stored at order time. ... ok
test_order_item_str (orders.tests.test_orders.OrderItemModelTests.test_order_item_str)
Test order item string representation. ... ok
test_order_item_total_calculation (orders.tests.test_orders.OrderItemModelTests.test_order_item_total_calculation)
Test automatic total calculation. ... ok
test_can_cancel_property (orders.tests.test_orders.OrderModelTests.test_can_cancel_property)
Test can_cancel property for different statuses. ... FAIL
test_full_address_property (orders.tests.test_orders.OrderModelTests.test_full_address_property)
Test full_address property. ... ok
test_full_name_property (orders.tests.test_orders.OrderModelTests.test_full_name_property)
Test full_name property. ... ok
test_order_number_generation (orders.tests.test_orders.OrderModelTests.test_order_number_generation)
Test automatic order number generation. ... ok
test_order_str (orders.tests.test_orders.OrderModelTests.test_order_str)
Test order string representation. ... ok
test_status_history_creation (orders.tests.test_orders.OrderStatusHistoryTests.test_status_history_creation)
Test creating status history entries. ... ok
test_artist_can_handle_refund_request (orders.tests.test_orders.RefundRequestTests.test_artist_can_handle_refund_request)
Test artist can approve/reject refund requests. ... Internal Server Error: /orders/artist/refunds/
Traceback (most recent call last):
  File "/Users/josegalan/Documents/jersey_artwork/venv/lib/python3.12/site-packages/django/template/smartif.py", line 180, in translate_token
    op = OPERATORS[token]
         ~~~~~~~~~^^^^^^^
KeyError: "('requested',"

During handling of the above exception, another exception occurred:

Traceback (most recent call last):
  File "/Users/josegalan/Documents/jersey_artwork/venv/lib/python3.12/site-packages/django/core/handlers/exception.py", line 55, in inner
    response = get_response(request)
               ^^^^^^^^^^^^^^^^^^^^^
  File "/Users/josegalan/Documents/jersey_artwork/venv/lib/python3.12/site-packages/django/core/handlers/base.py", line 220, in _get_response
    response = response.render()
               ^^^^^^^^^^^^^^^^^
  File "/Users/josegalan/Documents/jersey_artwork/venv/lib/python3.12/site-packages/django/template/response.py", line 114, in render
    self.content = self.rendered_content
                   ^^^^^^^^^^^^^^^^^^^^^
  File "/Users/josegalan/Documents/jersey_artwork/venv/lib/python3.12/site-packages/django/template/response.py", line 90, in rendered_content
    template = self.resolve_template(self.template_name)
               ^^^^^^^^^^^^^^^^^^^^^^^^^^^^^^^^^^^^^^^^^
  File "/Users/josegalan/Documents/jersey_artwork/venv/lib/python3.12/site-packages/django/template/response.py", line 72, in resolve_template
    return select_template(template, using=self.using)
           ^^^^^^^^^^^^^^^^^^^^^^^^^^^^^^^^^^^^^^^^^^^
  File "/Users/josegalan/Documents/jersey_artwork/venv/lib/python3.12/site-packages/django/template/loader.py", line 42, in select_template
    return engine.get_template(template_name)
           ^^^^^^^^^^^^^^^^^^^^^^^^^^^^^^^^^^
  File "/Users/josegalan/Documents/jersey_artwork/venv/lib/python3.12/site-packages/django/template/backends/django.py", line 33, in get_template
    return Template(self.engine.get_template(template_name), self)
                    ^^^^^^^^^^^^^^^^^^^^^^^^^^^^^^^^^^^^^^^
  File "/Users/josegalan/Documents/jersey_artwork/venv/lib/python3.12/site-packages/django/template/engine.py", line 177, in get_template
    template, origin = self.find_template(template_name)
                       ^^^^^^^^^^^^^^^^^^^^^^^^^^^^^^^^^
  File "/Users/josegalan/Documents/jersey_artwork/venv/lib/python3.12/site-packages/django/template/engine.py", line 159, in find_template
    template = loader.get_template(name, skip=skip)
               ^^^^^^^^^^^^^^^^^^^^^^^^^^^^^^^^^^^^
  File "/Users/josegalan/Documents/jersey_artwork/venv/lib/python3.12/site-packages/django/template/loaders/cached.py", line 57, in get_template
    template = super().get_template(template_name, skip)
               ^^^^^^^^^^^^^^^^^^^^^^^^^^^^^^^^^^^^^^^^^
  File "/Users/josegalan/Documents/jersey_artwork/venv/lib/python3.12/site-packages/django/template/loaders/base.py", line 28, in get_template
    return Template(
           ^^^^^^^^^
  File "/Users/josegalan/Documents/jersey_artwork/venv/lib/python3.12/site-packages/django/template/base.py", line 154, in __init__
    self.nodelist = self.compile_nodelist()
                    ^^^^^^^^^^^^^^^^^^^^^^^
  File "/Users/josegalan/Documents/jersey_artwork/venv/lib/python3.12/site-packages/django/template/base.py", line 196, in compile_nodelist
    return parser.parse()
           ^^^^^^^^^^^^^^
  File "/Users/josegalan/Documents/jersey_artwork/venv/lib/python3.12/site-packages/django/template/base.py", line 510, in parse
    raise self.error(token, e)
  File "/Users/josegalan/Documents/jersey_artwork/venv/lib/python3.12/site-packages/django/template/base.py", line 508, in parse
    compiled_result = compile_func(self, token)
                      ^^^^^^^^^^^^^^^^^^^^^^^^^
  File "/Users/josegalan/Documents/jersey_artwork/venv/lib/python3.12/site-packages/django/template/loader_tags.py", line 295, in do_extends
    nodelist = parser.parse()
               ^^^^^^^^^^^^^^
  File "/Users/josegalan/Documents/jersey_artwork/venv/lib/python3.12/site-packages/django/template/base.py", line 510, in parse
    raise self.error(token, e)
  File "/Users/josegalan/Documents/jersey_artwork/venv/lib/python3.12/site-packages/django/template/base.py", line 508, in parse
    compiled_result = compile_func(self, token)
                      ^^^^^^^^^^^^^^^^^^^^^^^^^
  File "/Users/josegalan/Documents/jersey_artwork/venv/lib/python3.12/site-packages/django/template/loader_tags.py", line 234, in do_block
    nodelist = parser.parse(("endblock",))
               ^^^^^^^^^^^^^^^^^^^^^^^^^^^
  File "/Users/josegalan/Documents/jersey_artwork/venv/lib/python3.12/site-packages/django/template/base.py", line 510, in parse
    raise self.error(token, e)
  File "/Users/josegalan/Documents/jersey_artwork/venv/lib/python3.12/site-packages/django/template/base.py", line 508, in parse
    compiled_result = compile_func(self, token)
                      ^^^^^^^^^^^^^^^^^^^^^^^^^
  File "/Users/josegalan/Documents/jersey_artwork/venv/lib/python3.12/site-packages/django/template/defaulttags.py", line 961, in do_if
    nodelist = parser.parse(("elif", "else", "endif"))
               ^^^^^^^^^^^^^^^^^^^^^^^^^^^^^^^^^^^^^^^
  File "/Users/josegalan/Documents/jersey_artwork/venv/lib/python3.12/site-packages/django/template/base.py", line 510, in parse
    raise self.error(token, e)
  File "/Users/josegalan/Documents/jersey_artwork/venv/lib/python3.12/site-packages/django/template/base.py", line 508, in parse
    compiled_result = compile_func(self, token)
                      ^^^^^^^^^^^^^^^^^^^^^^^^^
  File "/Users/josegalan/Documents/jersey_artwork/venv/lib/python3.12/site-packages/django/template/defaulttags.py", line 861, in do_for
    nodelist_loop = parser.parse(
                    ^^^^^^^^^^^^^
  File "/Users/josegalan/Documents/jersey_artwork/venv/lib/python3.12/site-packages/django/template/base.py", line 510, in parse
    raise self.error(token, e)
  File "/Users/josegalan/Documents/jersey_artwork/venv/lib/python3.12/site-packages/django/template/base.py", line 508, in parse
    compiled_result = compile_func(self, token)
                      ^^^^^^^^^^^^^^^^^^^^^^^^^
  File "/Users/josegalan/Documents/jersey_artwork/venv/lib/python3.12/site-packages/django/template/defaulttags.py", line 960, in do_if
    condition = TemplateIfParser(parser, bits).parse()
                ^^^^^^^^^^^^^^^^^^^^^^^^^^^^^^
  File "/Users/josegalan/Documents/jersey_artwork/venv/lib/python3.12/site-packages/django/template/defaulttags.py", line 893, in __init__
    super().__init__(*args, **kwargs)
  File "/Users/josegalan/Documents/jersey_artwork/venv/lib/python3.12/site-packages/django/template/smartif.py", line 171, in __init__
    mapped_tokens.append(self.translate_token(token))
                         ^^^^^^^^^^^^^^^^^^^^^^^^^^^
  File "/Users/josegalan/Documents/jersey_artwork/venv/lib/python3.12/site-packages/django/template/smartif.py", line 182, in translate_token
    return self.create_var(token)
           ^^^^^^^^^^^^^^^^^^^^^^
  File "/Users/josegalan/Documents/jersey_artwork/venv/lib/python3.12/site-packages/django/template/defaulttags.py", line 896, in create_var
    return TemplateLiteral(self.template_parser.compile_filter(value), value)
                           ^^^^^^^^^^^^^^^^^^^^^^^^^^^^^^^^^^^^^^^^^^
  File "/Users/josegalan/Documents/jersey_artwork/venv/lib/python3.12/site-packages/django/template/base.py", line 597, in compile_filter
    return FilterExpression(token, self)
           ^^^^^^^^^^^^^^^^^^^^^^^^^^^^^
  File "/Users/josegalan/Documents/jersey_artwork/venv/lib/python3.12/site-packages/django/template/base.py", line 698, in __init__
    raise TemplateSyntaxError(
django.template.exceptions.TemplateSyntaxError: Could not parse the remainder: '('requested',' from '('requested','
ERROR
test_cannot_request_refund_for_pending_order (orders.tests.test_orders.RefundRequestTests.test_cannot_request_refund_for_pending_order)
Test cannot request refund for pending order. ... FAIL
test_customer_can_request_refund (orders.tests.test_orders.RefundRequestTests.test_customer_can_request_refund)
Test customer can request refund for delivered order. ... ok

======================================================================
ERROR: test_artist_can_handle_refund_request (orders.tests.test_orders.RefundRequestTests.test_artist_can_handle_refund_request)
Test artist can approve/reject refund requests.
----------------------------------------------------------------------
Traceback (most recent call last):
  File "/Users/josegalan/Documents/jersey_artwork/venv/lib/python3.12/site-packages/django/template/smartif.py", line 180, in translate_token
    op = OPERATORS[token]
         ~~~~~~~~~^^^^^^^
KeyError: "('requested',"

During handling of the above exception, another exception occurred:

Traceback (most recent call last):
  File "/Users/josegalan/Documents/jersey_artwork/orders/tests/test_orders.py", line 706, in test_artist_can_handle_refund_request
    self.assertRedirects(response, reverse('orders:artist_refund_list'))
  File "/Users/josegalan/Documents/jersey_artwork/venv/lib/python3.12/site-packages/django/test/testcases.py", line 425, in assertRedirects
    redirect_response = response.client.get(
                        ^^^^^^^^^^^^^^^^^^^^
  File "/Users/josegalan/Documents/jersey_artwork/venv/lib/python3.12/site-packages/django/test/client.py", line 1049, in get
    response = super().get(path, data=data, secure=secure, headers=headers, **extra)
               ^^^^^^^^^^^^^^^^^^^^^^^^^^^^^^^^^^^^^^^^^^^^^^^^^^^^^^^^^^^^^^^^^^^^^
  File "/Users/josegalan/Documents/jersey_artwork/venv/lib/python3.12/site-packages/django/test/client.py", line 465, in get
    return self.generic(
           ^^^^^^^^^^^^^
  File "/Users/josegalan/Documents/jersey_artwork/venv/lib/python3.12/site-packages/django/test/client.py", line 617, in generic
    return self.request(**r)
           ^^^^^^^^^^^^^^^^^
  File "/Users/josegalan/Documents/jersey_artwork/venv/lib/python3.12/site-packages/django/test/client.py", line 1013, in request
    self.check_exception(response)
  File "/Users/josegalan/Documents/jersey_artwork/venv/lib/python3.12/site-packages/django/test/client.py", line 743, in check_exception
    raise exc_value
  File "/Users/josegalan/Documents/jersey_artwork/venv/lib/python3.12/site-packages/django/core/handlers/exception.py", line 55, in inner
    response = get_response(request)
               ^^^^^^^^^^^^^^^^^^^^^
  File "/Users/josegalan/Documents/jersey_artwork/venv/lib/python3.12/site-packages/django/core/handlers/base.py", line 220, in _get_response
    response = response.render()
               ^^^^^^^^^^^^^^^^^
  File "/Users/josegalan/Documents/jersey_artwork/venv/lib/python3.12/site-packages/django/template/response.py", line 114, in render
    self.content = self.rendered_content
                   ^^^^^^^^^^^^^^^^^^^^^
  File "/Users/josegalan/Documents/jersey_artwork/venv/lib/python3.12/site-packages/django/template/response.py", line 90, in rendered_content
    template = self.resolve_template(self.template_name)
               ^^^^^^^^^^^^^^^^^^^^^^^^^^^^^^^^^^^^^^^^^
  File "/Users/josegalan/Documents/jersey_artwork/venv/lib/python3.12/site-packages/django/template/response.py", line 72, in resolve_template
    return select_template(template, using=self.using)
           ^^^^^^^^^^^^^^^^^^^^^^^^^^^^^^^^^^^^^^^^^^^
  File "/Users/josegalan/Documents/jersey_artwork/venv/lib/python3.12/site-packages/django/template/loader.py", line 42, in select_template
    return engine.get_template(template_name)
           ^^^^^^^^^^^^^^^^^^^^^^^^^^^^^^^^^^
  File "/Users/josegalan/Documents/jersey_artwork/venv/lib/python3.12/site-packages/django/template/backends/django.py", line 33, in get_template
    return Template(self.engine.get_template(template_name), self)
                    ^^^^^^^^^^^^^^^^^^^^^^^^^^^^^^^^^^^^^^^
  File "/Users/josegalan/Documents/jersey_artwork/venv/lib/python3.12/site-packages/django/template/engine.py", line 177, in get_template
    template, origin = self.find_template(template_name)
                       ^^^^^^^^^^^^^^^^^^^^^^^^^^^^^^^^^
  File "/Users/josegalan/Documents/jersey_artwork/venv/lib/python3.12/site-packages/django/template/engine.py", line 159, in find_template
    template = loader.get_template(name, skip=skip)
               ^^^^^^^^^^^^^^^^^^^^^^^^^^^^^^^^^^^^
  File "/Users/josegalan/Documents/jersey_artwork/venv/lib/python3.12/site-packages/django/template/loaders/cached.py", line 57, in get_template
    template = super().get_template(template_name, skip)
               ^^^^^^^^^^^^^^^^^^^^^^^^^^^^^^^^^^^^^^^^^
  File "/Users/josegalan/Documents/jersey_artwork/venv/lib/python3.12/site-packages/django/template/loaders/base.py", line 28, in get_template
    return Template(
           ^^^^^^^^^
  File "/Users/josegalan/Documents/jersey_artwork/venv/lib/python3.12/site-packages/django/template/base.py", line 154, in __init__
    self.nodelist = self.compile_nodelist()
                    ^^^^^^^^^^^^^^^^^^^^^^^
  File "/Users/josegalan/Documents/jersey_artwork/venv/lib/python3.12/site-packages/django/template/base.py", line 196, in compile_nodelist
    return parser.parse()
           ^^^^^^^^^^^^^^
  File "/Users/josegalan/Documents/jersey_artwork/venv/lib/python3.12/site-packages/django/template/base.py", line 510, in parse
    raise self.error(token, e)
  File "/Users/josegalan/Documents/jersey_artwork/venv/lib/python3.12/site-packages/django/template/base.py", line 508, in parse
    compiled_result = compile_func(self, token)
                      ^^^^^^^^^^^^^^^^^^^^^^^^^
  File "/Users/josegalan/Documents/jersey_artwork/venv/lib/python3.12/site-packages/django/template/loader_tags.py", line 295, in do_extends
    nodelist = parser.parse()
               ^^^^^^^^^^^^^^
  File "/Users/josegalan/Documents/jersey_artwork/venv/lib/python3.12/site-packages/django/template/base.py", line 510, in parse
    raise self.error(token, e)
  File "/Users/josegalan/Documents/jersey_artwork/venv/lib/python3.12/site-packages/django/template/base.py", line 508, in parse
    compiled_result = compile_func(self, token)
                      ^^^^^^^^^^^^^^^^^^^^^^^^^
  File "/Users/josegalan/Documents/jersey_artwork/venv/lib/python3.12/site-packages/django/template/loader_tags.py", line 234, in do_block
    nodelist = parser.parse(("endblock",))
               ^^^^^^^^^^^^^^^^^^^^^^^^^^^
  File "/Users/josegalan/Documents/jersey_artwork/venv/lib/python3.12/site-packages/django/template/base.py", line 510, in parse
    raise self.error(token, e)
  File "/Users/josegalan/Documents/jersey_artwork/venv/lib/python3.12/site-packages/django/template/base.py", line 508, in parse
    compiled_result = compile_func(self, token)
                      ^^^^^^^^^^^^^^^^^^^^^^^^^
  File "/Users/josegalan/Documents/jersey_artwork/venv/lib/python3.12/site-packages/django/template/defaulttags.py", line 961, in do_if
    nodelist = parser.parse(("elif", "else", "endif"))
               ^^^^^^^^^^^^^^^^^^^^^^^^^^^^^^^^^^^^^^^
  File "/Users/josegalan/Documents/jersey_artwork/venv/lib/python3.12/site-packages/django/template/base.py", line 510, in parse
    raise self.error(token, e)
  File "/Users/josegalan/Documents/jersey_artwork/venv/lib/python3.12/site-packages/django/template/base.py", line 508, in parse
    compiled_result = compile_func(self, token)
                      ^^^^^^^^^^^^^^^^^^^^^^^^^
  File "/Users/josegalan/Documents/jersey_artwork/venv/lib/python3.12/site-packages/django/template/defaulttags.py", line 861, in do_for
    nodelist_loop = parser.parse(
                    ^^^^^^^^^^^^^
  File "/Users/josegalan/Documents/jersey_artwork/venv/lib/python3.12/site-packages/django/template/base.py", line 510, in parse
    raise self.error(token, e)
  File "/Users/josegalan/Documents/jersey_artwork/venv/lib/python3.12/site-packages/django/template/base.py", line 508, in parse
    compiled_result = compile_func(self, token)
                      ^^^^^^^^^^^^^^^^^^^^^^^^^
  File "/Users/josegalan/Documents/jersey_artwork/venv/lib/python3.12/site-packages/django/template/defaulttags.py", line 960, in do_if
    condition = TemplateIfParser(parser, bits).parse()
                ^^^^^^^^^^^^^^^^^^^^^^^^^^^^^^
  File "/Users/josegalan/Documents/jersey_artwork/venv/lib/python3.12/site-packages/django/template/defaulttags.py", line 893, in __init__
    super().__init__(*args, **kwargs)
  File "/Users/josegalan/Documents/jersey_artwork/venv/lib/python3.12/site-packages/django/template/smartif.py", line 171, in __init__
    mapped_tokens.append(self.translate_token(token))
                         ^^^^^^^^^^^^^^^^^^^^^^^^^^^
  File "/Users/josegalan/Documents/jersey_artwork/venv/lib/python3.12/site-packages/django/template/smartif.py", line 182, in translate_token
    return self.create_var(token)
           ^^^^^^^^^^^^^^^^^^^^^^
  File "/Users/josegalan/Documents/jersey_artwork/venv/lib/python3.12/site-packages/django/template/defaulttags.py", line 896, in create_var
    return TemplateLiteral(self.template_parser.compile_filter(value), value)
                           ^^^^^^^^^^^^^^^^^^^^^^^^^^^^^^^^^^^^^^^^^^
  File "/Users/josegalan/Documents/jersey_artwork/venv/lib/python3.12/site-packages/django/template/base.py", line 597, in compile_filter
    return FilterExpression(token, self)
           ^^^^^^^^^^^^^^^^^^^^^^^^^^^^^
  File "/Users/josegalan/Documents/jersey_artwork/venv/lib/python3.12/site-packages/django/template/base.py", line 698, in __init__
    raise TemplateSyntaxError(
django.template.exceptions.TemplateSyntaxError: Could not parse the remainder: '('requested',' from '('requested','

======================================================================
FAIL: test_can_cancel_property (orders.tests.test_orders.OrderModelTests.test_can_cancel_property)
Test can_cancel property for different statuses.
----------------------------------------------------------------------
Traceback (most recent call last):
  File "/Users/josegalan/Documents/jersey_artwork/orders/tests/test_orders.py", line 115, in test_can_cancel_property
    self.assertFalse(order.can_cancel)
AssertionError: True is not false

======================================================================
FAIL: test_cannot_request_refund_for_pending_order (orders.tests.test_orders.RefundRequestTests.test_cannot_request_refund_for_pending_order)
Test cannot request refund for pending order.
----------------------------------------------------------------------
Traceback (most recent call last):
  File "/Users/josegalan/Documents/jersey_artwork/orders/tests/test_orders.py", line 675, in test_cannot_request_refund_for_pending_order
    self.assertEqual(response.status_code, 302)
AssertionError: 200 != 302

----------------------------------------------------------------------
Ran 28 tests in 5.346s

FAILED (failures=2, errors=1)
Destroying test database for alias 'default' ('test_jersey_artwork')...
